<?xml version="1.0" encoding="UTF-8"?>
<!-- Generated by org.testng.reporters.JUnitReportReporter -->
<testsuite hostname="LAPTOP-TRU5U6IG" failures="0" tests="3" name="basic.MavenProject.amazonScenario10Tc.searchCameraTc5" time="69.837" errors="1" timestamp="2024-06-26T20:02:26 IST" skipped="0">
  <testcase classname="basic.MavenProject.amazonScenario10Tc.searchCameraTc5" name="test5" time="22.273">
    <error message="Element &lt;a class=&quot;a-link-normal s-no-outline&quot; href=&quot;/sspa/click?ie=UTF8&amp;spc=MTo0ODQwNzM1ODU0OTI4MTc3OjE3MTk0MTIzMjM6c3BfYXRmX25leHQ6MjAwOTY2MTA3ODg0OTg6OjA6Og&amp;url=%2FFUJIFILM-Instax-LiPlay-Instant-Elegant%2Fdp%2FB07SVH9XR8%2Fref%3Dsr_1_17_sspa%3Fdib%3DeyJ2IjoiMSJ9.YfAUdmrV2LdNueaFseN-pQKB4S_poux4l54nkFvlbCZazmVH4FdxsZcBICEt1DFzM2obeQEoqJF8149RdT4-yCWibkoEtBgMX0AAj9zTG3PthWor9NACdM4iwdDi5ddamo_MzO0Gp4_FZYf72euC2_UcjE7I2_DkRxlKl8ta4wnc3q4FU4RnhmYmYqB7RIeDeLUh4Lce8vmIi3ojWEhA06sK55GSd4-PWQ4Zx_LFDsw.FL1X9Eg5t9VikmOZ17oALwXy7o9PzbNnzCEfyrztSjc%26dib_tag%3Dse%26keywords%3Dcamera%26qid%3D1719412323%26sr%3D8-17-spons%26sp_csd%3Dd2lkZ2V0TmFtZT1zcF9hdGZfbmV4dA%26psc%3D1&quot;&gt; could not be scrolled into view
Build info: version: &#039;4.21.0&#039;, revision: &#039;79ed462ef4&#039;
System info: os.name: &#039;Windows 11&#039;, os.arch: &#039;amd64&#039;, os.version: &#039;10.0&#039;, java.version: &#039;17.0.10&#039;
Driver info: org.openqa.selenium.firefox.FirefoxDriver
Command: [36452487-a4b7-4a04-b56d-e802097f4e4d, clickElement {id=5dc95e32-4db4-48f7-a569-60f16bae2320}]
Capabilities {acceptInsecureCerts: true, browserName: firefox, browserVersion: 127.0.2, moz:accessibilityChecks: false, moz:buildID: 20240624183754, moz:debuggerAddress: 127.0.0.1:25729, moz:geckodriverVersion: 0.34.0, moz:headless: false, moz:platformVersion: 10.0, moz:processID: 13420, moz:profile: C:\Users\Shruti\AppData\Loc..., moz:shutdownTimeout: 60000, moz:webdriverClick: true, moz:windowless: false, pageLoadStrategy: normal, platformName: windows, proxy: Proxy(), se:cdp: ws://127.0.0.1:25729/devtoo..., se:cdpVersion: 85.0, setWindowRect: true, strictFileInteractability: false, timeouts: {implicit: 0, pageLoad: 300000, script: 30000}, unhandledPromptBehavior: dismiss and notify, userAgent: Mozilla/5.0 (Windows NT 10....}
Element: [[FirefoxDriver: firefox on windows (36452487-a4b7-4a04-b56d-e802097f4e4d)] -&gt; xpath: (//a[@class=&#039;a-link-normal s-no-outline&#039;])[1]]
Session ID: 36452487-a4b7-4a04-b56d-e802097f4e4d" type="org.openqa.selenium.ElementNotInteractableException">
      <![CDATA[org.openqa.selenium.ElementNotInteractableException: Element <a class="a-link-normal s-no-outline" href="/sspa/click?ie=UTF8&spc=MTo0ODQwNzM1ODU0OTI4MTc3OjE3MTk0MTIzMjM6c3BfYXRmX25leHQ6MjAwOTY2MTA3ODg0OTg6OjA6Og&url=%2FFUJIFILM-Instax-LiPlay-Instant-Elegant%2Fdp%2FB07SVH9XR8%2Fref%3Dsr_1_17_sspa%3Fdib%3DeyJ2IjoiMSJ9.YfAUdmrV2LdNueaFseN-pQKB4S_poux4l54nkFvlbCZazmVH4FdxsZcBICEt1DFzM2obeQEoqJF8149RdT4-yCWibkoEtBgMX0AAj9zTG3PthWor9NACdM4iwdDi5ddamo_MzO0Gp4_FZYf72euC2_UcjE7I2_DkRxlKl8ta4wnc3q4FU4RnhmYmYqB7RIeDeLUh4Lce8vmIi3ojWEhA06sK55GSd4-PWQ4Zx_LFDsw.FL1X9Eg5t9VikmOZ17oALwXy7o9PzbNnzCEfyrztSjc%26dib_tag%3Dse%26keywords%3Dcamera%26qid%3D1719412323%26sr%3D8-17-spons%26sp_csd%3Dd2lkZ2V0TmFtZT1zcF9hdGZfbmV4dA%26psc%3D1"> could not be scrolled into view
Build info: version: '4.21.0', revision: '79ed462ef4'
System info: os.name: 'Windows 11', os.arch: 'amd64', os.version: '10.0', java.version: '17.0.10'
Driver info: org.openqa.selenium.firefox.FirefoxDriver
Command: [36452487-a4b7-4a04-b56d-e802097f4e4d, clickElement {id=5dc95e32-4db4-48f7-a569-60f16bae2320}]
Capabilities {acceptInsecureCerts: true, browserName: firefox, browserVersion: 127.0.2, moz:accessibilityChecks: false, moz:buildID: 20240624183754, moz:debuggerAddress: 127.0.0.1:25729, moz:geckodriverVersion: 0.34.0, moz:headless: false, moz:platformVersion: 10.0, moz:processID: 13420, moz:profile: C:\Users\Shruti\AppData\Loc..., moz:shutdownTimeout: 60000, moz:webdriverClick: true, moz:windowless: false, pageLoadStrategy: normal, platformName: windows, proxy: Proxy(), se:cdp: ws://127.0.0.1:25729/devtoo..., se:cdpVersion: 85.0, setWindowRect: true, strictFileInteractability: false, timeouts: {implicit: 0, pageLoad: 300000, script: 30000}, unhandledPromptBehavior: dismiss and notify, userAgent: Mozilla/5.0 (Windows NT 10....}
Element: [[FirefoxDriver: firefox on windows (36452487-a4b7-4a04-b56d-e802097f4e4d)] -> xpath: (//a[@class='a-link-normal s-no-outline'])[1]]
Session ID: 36452487-a4b7-4a04-b56d-e802097f4e4d
at java.base/jdk.internal.reflect.NativeConstructorAccessorImpl.newInstance0(Native Method)
at java.base/jdk.internal.reflect.NativeConstructorAccessorImpl.newInstance(NativeConstructorAccessorImpl.java:77)
at java.base/jdk.internal.reflect.DelegatingConstructorAccessorImpl.newInstance(DelegatingConstructorAccessorImpl.java:45)
at java.base/java.lang.reflect.Constructor.newInstanceWithCaller(Constructor.java:499)
at java.base/java.lang.reflect.Constructor.newInstance(Constructor.java:480)
at org.openqa.selenium.remote.ErrorCodec.decode(ErrorCodec.java:167)
at org.openqa.selenium.remote.codec.w3c.W3CHttpResponseCodec.decode(W3CHttpResponseCodec.java:138)
at org.openqa.selenium.remote.codec.w3c.W3CHttpResponseCodec.decode(W3CHttpResponseCodec.java:50)
at org.openqa.selenium.remote.HttpCommandExecutor.execute(HttpCommandExecutor.java:190)
at org.openqa.selenium.remote.service.DriverCommandExecutor.invokeExecute(DriverCommandExecutor.java:216)
at org.openqa.selenium.remote.service.DriverCommandExecutor.execute(DriverCommandExecutor.java:174)
at org.openqa.selenium.remote.RemoteWebDriver.execute(RemoteWebDriver.java:518)
at org.openqa.selenium.remote.RemoteWebElement.execute(RemoteWebElement.java:223)
at org.openqa.selenium.remote.RemoteWebElement.click(RemoteWebElement.java:76)
at basic.MavenProject.amazonScenario10Tc.searchCameraTc5.test5(searchCameraTc5.java:34)
at java.base/jdk.internal.reflect.NativeMethodAccessorImpl.invoke0(Native Method)
at java.base/jdk.internal.reflect.NativeMethodAccessorImpl.invoke(NativeMethodAccessorImpl.java:77)
at java.base/jdk.internal.reflect.DelegatingMethodAccessorImpl.invoke(DelegatingMethodAccessorImpl.java:43)
at java.base/java.lang.reflect.Method.invoke(Method.java:568)
at org.testng.internal.MethodInvocationHelper.invokeMethod(MethodInvocationHelper.java:133)
at org.testng.internal.TestInvoker.invokeMethod(TestInvoker.java:598)
at org.testng.internal.TestInvoker.invokeTestMethod(TestInvoker.java:173)
at org.testng.internal.MethodRunner.runInSequence(MethodRunner.java:46)
at org.testng.internal.TestInvoker$MethodInvocationAgent.invoke(TestInvoker.java:824)
at org.testng.internal.TestInvoker.invokeTestMethods(TestInvoker.java:146)
at org.testng.internal.TestMethodWorker.invokeTestMethods(TestMethodWorker.java:146)
at org.testng.internal.TestMethodWorker.run(TestMethodWorker.java:128)
at java.base/java.util.concurrent.ThreadPoolExecutor.runWorker(ThreadPoolExecutor.java:1136)
at java.base/java.util.concurrent.ThreadPoolExecutor$Worker.run(ThreadPoolExecutor.java:635)
at java.base/java.lang.Thread.run(Thread.java:840)
]]>
    </error>
  </testcase> <!-- test5 -->
  <system-out/>
  <testcase classname="basic.MavenProject.amazonScenario10Tc.searchCameraTc5" name="test5" time="22.214"/>
  <system-out/>
  <testcase classname="basic.MavenProject.amazonScenario10Tc.searchCameraTc5" name="test5" time="25.350"/>
  <system-out/>
</testsuite> <!-- basic.MavenProject.amazonScenario10Tc.searchCameraTc5 -->
