<?xml version="1.0" encoding="UTF-8"?>
<!-- Generated by org.testng.reporters.JUnitXMLReporter -->
<testsuite ignored="0" hostname="LAPTOP-TRU5U6IG" failures="1" tests="9" name="Testing on Chrome" time="41.598" errors="0" timestamp="2024-06-26T20:01:46 IST">
  <testcase classname="basic.MavenProject.amazonScenario10Tc.searchMobileTc2" name="test2" time="3.812"/>
  <testcase classname="basic.MavenProject.amazonScenario10Tc.testCase1" name="test1" time="8.165"/>
  <testcase classname="basic.MavenProject.amazonScenario10Tc.searchMouseTc3" name="test3" time="10.434"/>
  <testcase classname="basic.MavenProject.amazonScenario10Tc.searchCameraTc5" name="test5" time="11.619"/>
  <testcase classname="basic.MavenProject.amazonScenario10Tc.searchMobileCoverTc4" name="test4" time="9.468"/>
  <testcase classname="basic.MavenProject.amazonScenario10Tc.amazonFreshTc7" name="test7" time="6.612"/>
  <testcase classname="basic.MavenProject.amazonScenario10Tc.serachnGobackTc10" name="test10" time="11.891"/>
  <testcase classname="basic.MavenProject.amazonScenario10Tc.electronicsMajorTabTc6" name="test6" time="20.951">
    <failure type="org.openqa.selenium.ElementNotInteractableException" message="element not interactable: element has zero size
  (Session info: chrome=126.0.6478.116)
Build info: version: &amp;apos;4.21.0&amp;apos;, revision: &amp;apos;79ed462ef4&amp;apos;
System info: os.name: &amp;apos;Windows 11&amp;apos;, os.arch: &amp;apos;amd64&amp;apos;, os.version: &amp;apos;10.0&amp;apos;, java.version: &amp;apos;17.0.10&amp;apos;
Driver info: org.openqa.selenium.chrome.ChromeDriver
Command: [abcde42a06817f0c634cfea1516dbfd1, clickElement {id=f.D6A414E692D93976F17966C40E99EF1C.d.C239543CAC2EFCEBC94D8FD1B02995FF.e.272}]
Capabilities {acceptInsecureCerts: false, browserName: chrome, browserVersion: 126.0.6478.116, chrome: {chromedriverVersion: 126.0.6478.126 (d36ace6122e..., userDataDir: C:\Users\Shruti\AppData\Loc...}, fedcm:accounts: true, goog:chromeOptions: {debuggerAddress: localhost:64572}, networkConnectionEnabled: false, pageLoadStrategy: normal, platformName: windows, proxy: Proxy(), se:cdp: ws://localhost:64572/devtoo..., se:cdpVersion: 126.0.6478.116, setWindowRect: true, strictFileInteractability: false, timeouts: {implicit: 0, pageLoad: 300000, script: 30000}, unhandledPromptBehavior: dismiss and notify, webauthn:extension:credBlob: true, webauthn:extension:largeBlob: true, webauthn:extension:minPinLength: true, webauthn:extension:prf: true, webauthn:virtualAuthenticators: true}
Element: [[ChromeDriver: chrome on windows (abcde42a06817f0c634cfea1516dbfd1)] -&amp;gt; xpath: (//span[text()=&amp;apos;Redmi&amp;apos;])[1]]
Session ID: abcde42a06817f0c634cfea1516dbfd1">
      <![CDATA[org.openqa.selenium.ElementNotInteractableException: element not interactable: element has zero size
  (Session info: chrome=126.0.6478.116)
Build info: version: '4.21.0', revision: '79ed462ef4'
System info: os.name: 'Windows 11', os.arch: 'amd64', os.version: '10.0', java.version: '17.0.10'
Driver info: org.openqa.selenium.chrome.ChromeDriver
Command: [abcde42a06817f0c634cfea1516dbfd1, clickElement {id=f.D6A414E692D93976F17966C40E99EF1C.d.C239543CAC2EFCEBC94D8FD1B02995FF.e.272}]
Capabilities {acceptInsecureCerts: false, browserName: chrome, browserVersion: 126.0.6478.116, chrome: {chromedriverVersion: 126.0.6478.126 (d36ace6122e..., userDataDir: C:\Users\Shruti\AppData\Loc...}, fedcm:accounts: true, goog:chromeOptions: {debuggerAddress: localhost:64572}, networkConnectionEnabled: false, pageLoadStrategy: normal, platformName: windows, proxy: Proxy(), se:cdp: ws://localhost:64572/devtoo..., se:cdpVersion: 126.0.6478.116, setWindowRect: true, strictFileInteractability: false, timeouts: {implicit: 0, pageLoad: 300000, script: 30000}, unhandledPromptBehavior: dismiss and notify, webauthn:extension:credBlob: true, webauthn:extension:largeBlob: true, webauthn:extension:minPinLength: true, webauthn:extension:prf: true, webauthn:virtualAuthenticators: true}
Element: [[ChromeDriver: chrome on windows (abcde42a06817f0c634cfea1516dbfd1)] -> xpath: (//span[text()='Redmi'])[1]]
Session ID: abcde42a06817f0c634cfea1516dbfd1
at org.openqa.selenium.remote.ErrorCodec.decode(ErrorCodec.java:167)
at org.openqa.selenium.remote.codec.w3c.W3CHttpResponseCodec.decode(W3CHttpResponseCodec.java:138)
at org.openqa.selenium.remote.codec.w3c.W3CHttpResponseCodec.decode(W3CHttpResponseCodec.java:50)
at org.openqa.selenium.remote.HttpCommandExecutor.execute(HttpCommandExecutor.java:190)
at org.openqa.selenium.remote.service.DriverCommandExecutor.invokeExecute(DriverCommandExecutor.java:216)
at org.openqa.selenium.remote.service.DriverCommandExecutor.execute(DriverCommandExecutor.java:174)
at org.openqa.selenium.remote.RemoteWebDriver.execute(RemoteWebDriver.java:518)
at org.openqa.selenium.remote.RemoteWebElement.execute(RemoteWebElement.java:223)
at org.openqa.selenium.remote.RemoteWebElement.click(RemoteWebElement.java:76)
at basic.MavenProject.amazonScenario10Tc.electronicsMajorTabTc6.test6(electronicsMajorTabTc6.java:27)
at java.base/java.util.concurrent.ThreadPoolExecutor.runWorker(ThreadPoolExecutor.java:1136)
at java.base/java.util.concurrent.ThreadPoolExecutor$Worker.run(ThreadPoolExecutor.java:635)
at java.base/java.lang.Thread.run(Thread.java:840)
... Removed 17 stack frames]]>
    </failure>
  </testcase> <!-- test6 -->
  <testcase classname="basic.MavenProject.amazonScenario10Tc.todaysDeal9" name="test9" time="16.49"/>
</testsuite> <!-- Testing on Chrome -->
